<?xml version="1.0" encoding="UTF-8"?>
<testng-results skipped="0" failed="0" total="19" passed="19">
  <reporter-output>
  </reporter-output>
  <suite name="Command line suite" duration-ms="141" started-at="2016-02-24T09:08:22Z" finished-at="2016-02-24T09:08:22Z">
    <groups>
    </groups>
    <test name="Command line test" duration-ms="141" started-at="2016-02-24T09:08:22Z" finished-at="2016-02-24T09:08:22Z">
      <class name="org.kossowski.elemont.domain.MaterialTest">
        <test-method status="PASS" signature="equalsTest()[pri:0, instance:org.kossowski.elemont.domain.MaterialTest@3498ed]" name="equalsTest" duration-ms="2" started-at="2016-02-24T10:08:22Z" finished-at="2016-02-24T10:08:22Z">
          <reporter-output>
          </reporter-output>
        </test-method> <!-- equalsTest -->
        <test-method status="PASS" signature="setUpMethod()[pri:0, instance:org.kossowski.elemont.domain.MaterialTest@3498ed]" name="setUpMethod" is-config="true" duration-ms="0" started-at="2016-02-24T10:08:22Z" finished-at="2016-02-24T10:08:22Z">
          <reporter-output>
          </reporter-output>
        </test-method> <!-- setUpMethod -->
        <test-method status="PASS" signature="setUpClass()[pri:0, instance:org.kossowski.elemont.domain.MaterialTest@3498ed]" name="setUpClass" is-config="true" duration-ms="0" started-at="2016-02-24T10:08:22Z" finished-at="2016-02-24T10:08:22Z">
          <reporter-output>
          </reporter-output>
        </test-method> <!-- setUpClass -->
        <test-method status="PASS" signature="tearDownMethod()[pri:0, instance:org.kossowski.elemont.domain.MaterialTest@3498ed]" name="tearDownMethod" is-config="true" duration-ms="0" started-at="2016-02-24T10:08:22Z" finished-at="2016-02-24T10:08:22Z">
          <reporter-output>
          </reporter-output>
        </test-method> <!-- tearDownMethod -->
        <test-method status="PASS" signature="setUpMethod()[pri:0, instance:org.kossowski.elemont.domain.MaterialTest@3498ed]" name="setUpMethod" is-config="true" duration-ms="0" started-at="2016-02-24T10:08:22Z" finished-at="2016-02-24T10:08:22Z">
          <reporter-output>
          </reporter-output>
        </test-method> <!-- setUpMethod -->
        <test-method status="PASS" signature="equalsTest1()[pri:0, instance:org.kossowski.elemont.domain.MaterialTest@3498ed]" name="equalsTest1" duration-ms="0" started-at="2016-02-24T10:08:22Z" finished-at="2016-02-24T10:08:22Z">
          <reporter-output>
          </reporter-output>
        </test-method> <!-- equalsTest1 -->
        <test-method status="PASS" signature="tearDownMethod()[pri:0, instance:org.kossowski.elemont.domain.MaterialTest@3498ed]" name="tearDownMethod" is-config="true" duration-ms="1" started-at="2016-02-24T10:08:22Z" finished-at="2016-02-24T10:08:22Z">
          <reporter-output>
          </reporter-output>
        </test-method> <!-- tearDownMethod -->
        <test-method status="PASS" signature="tearDownMethod()[pri:0, instance:org.kossowski.elemont.domain.MaterialTest@3498ed]" name="tearDownMethod" is-config="true" duration-ms="1" started-at="2016-02-24T10:08:22Z" finished-at="2016-02-24T10:08:22Z">
          <reporter-output>
          </reporter-output>
        </test-method> <!-- tearDownMethod -->
        <test-method status="PASS" signature="setUpMethod()[pri:0, instance:org.kossowski.elemont.domain.MaterialTest@3498ed]" name="setUpMethod" is-config="true" duration-ms="0" started-at="2016-02-24T10:08:22Z" finished-at="2016-02-24T10:08:22Z">
          <reporter-output>
          </reporter-output>
        </test-method> <!-- setUpMethod -->
        <test-method status="PASS" signature="equalsTest3()[pri:0, instance:org.kossowski.elemont.domain.MaterialTest@3498ed]" name="equalsTest3" duration-ms="0" started-at="2016-02-24T10:08:22Z" finished-at="2016-02-24T10:08:22Z">
          <reporter-output>
          </reporter-output>
        </test-method> <!-- equalsTest3 -->
        <test-method status="PASS" signature="tearDownClass()[pri:0, instance:org.kossowski.elemont.domain.MaterialTest@3498ed]" name="tearDownClass" is-config="true" duration-ms="0" started-at="2016-02-24T10:08:22Z" finished-at="2016-02-24T10:08:22Z">
          <reporter-output>
          </reporter-output>
        </test-method> <!-- tearDownClass -->
      </class> <!-- org.kossowski.elemont.domain.MaterialTest -->
      <class name="org.kossowski.elemont.domain.KartaMagazynowaTest">
        <test-method status="PASS" signature="setUpClass()[pri:0, instance:org.kossowski.elemont.domain.KartaMagazynowaTest@6108b2d7]" name="setUpClass" is-config="true" duration-ms="14" started-at="2016-02-24T10:08:22Z" finished-at="2016-02-24T10:08:22Z">
          <reporter-output>
          </reporter-output>
        </test-method> <!-- setUpClass -->
        <test-method status="PASS" signature="setUpMethod()[pri:0, instance:org.kossowski.elemont.domain.KartaMagazynowaTest@6108b2d7]" name="setUpMethod" is-config="true" duration-ms="0" started-at="2016-02-24T10:08:22Z" finished-at="2016-02-24T10:08:22Z">
          <reporter-output>
          </reporter-output>
        </test-method> <!-- setUpMethod -->
        <test-method status="PASS" signature="odcinkiTest()[pri:0, instance:org.kossowski.elemont.domain.KartaMagazynowaTest@6108b2d7]" name="odcinkiTest" duration-ms="9" started-at="2016-02-24T10:08:22Z" finished-at="2016-02-24T10:08:22Z">
          <reporter-output>
          </reporter-output>
        </test-method> <!-- odcinkiTest -->
        <test-method status="PASS" signature="tearDownMethod()[pri:0, instance:org.kossowski.elemont.domain.KartaMagazynowaTest@6108b2d7]" name="tearDownMethod" is-config="true" duration-ms="1" started-at="2016-02-24T10:08:22Z" finished-at="2016-02-24T10:08:22Z">
          <reporter-output>
          </reporter-output>
        </test-method> <!-- tearDownMethod -->
        <test-method status="PASS" signature="setUpMethod()[pri:0, instance:org.kossowski.elemont.domain.KartaMagazynowaTest@6108b2d7]" name="setUpMethod" is-config="true" duration-ms="0" started-at="2016-02-24T10:08:22Z" finished-at="2016-02-24T10:08:22Z">
          <reporter-output>
          </reporter-output>
        </test-method> <!-- setUpMethod -->
        <test-method status="PASS" signature="operacjeSizeTest1()[pri:0, instance:org.kossowski.elemont.domain.KartaMagazynowaTest@6108b2d7]" name="operacjeSizeTest1" duration-ms="5" started-at="2016-02-24T10:08:22Z" finished-at="2016-02-24T10:08:22Z">
          <reporter-output>
          </reporter-output>
        </test-method> <!-- operacjeSizeTest1 -->
        <test-method status="PASS" signature="tearDownMethod()[pri:0, instance:org.kossowski.elemont.domain.KartaMagazynowaTest@6108b2d7]" name="tearDownMethod" is-config="true" duration-ms="1" started-at="2016-02-24T10:08:22Z" finished-at="2016-02-24T10:08:22Z">
          <reporter-output>
          </reporter-output>
        </test-method> <!-- tearDownMethod -->
        <test-method status="PASS" signature="setUpMethod()[pri:0, instance:org.kossowski.elemont.domain.KartaMagazynowaTest@6108b2d7]" name="setUpMethod" is-config="true" duration-ms="0" started-at="2016-02-24T10:08:22Z" finished-at="2016-02-24T10:08:22Z">
          <reporter-output>
          </reporter-output>
        </test-method> <!-- setUpMethod -->
        <test-method status="PASS" signature="operacjeSizeTest2()[pri:0, instance:org.kossowski.elemont.domain.KartaMagazynowaTest@6108b2d7]" name="operacjeSizeTest2" duration-ms="31" started-at="2016-02-24T10:08:22Z" finished-at="2016-02-24T10:08:22Z">
          <reporter-output>
          </reporter-output>
        </test-method> <!-- operacjeSizeTest2 -->
        <test-method status="PASS" signature="setUpMethod()[pri:0, instance:org.kossowski.elemont.domain.KartaMagazynowaTest@6108b2d7]" name="setUpMethod" is-config="true" duration-ms="0" started-at="2016-02-24T10:08:22Z" finished-at="2016-02-24T10:08:22Z">
          <reporter-output>
          </reporter-output>
        </test-method> <!-- setUpMethod -->
        <test-method status="PASS" signature="tearDownMethod()[pri:0, instance:org.kossowski.elemont.domain.KartaMagazynowaTest@6108b2d7]" name="tearDownMethod" is-config="true" duration-ms="0" started-at="2016-02-24T10:08:22Z" finished-at="2016-02-24T10:08:22Z">
          <reporter-output>
          </reporter-output>
        </test-method> <!-- tearDownMethod -->
        <test-method status="PASS" signature="operacjeSizeTest3()[pri:0, instance:org.kossowski.elemont.domain.KartaMagazynowaTest@6108b2d7]" name="operacjeSizeTest3" duration-ms="29" started-at="2016-02-24T10:08:22Z" finished-at="2016-02-24T10:08:22Z">
          <reporter-output>
          </reporter-output>
        </test-method> <!-- operacjeSizeTest3 -->
        <test-method status="PASS" signature="tearDownMethod()[pri:0, instance:org.kossowski.elemont.domain.KartaMagazynowaTest@6108b2d7]" name="tearDownMethod" is-config="true" duration-ms="0" started-at="2016-02-24T10:08:22Z" finished-at="2016-02-24T10:08:22Z">
          <reporter-output>
          </reporter-output>
        </test-method> <!-- tearDownMethod -->
        <test-method status="PASS" signature="setUpMethod()[pri:0, instance:org.kossowski.elemont.domain.KartaMagazynowaTest@6108b2d7]" name="setUpMethod" is-config="true" duration-ms="0" started-at="2016-02-24T10:08:22Z" finished-at="2016-02-24T10:08:22Z">
          <reporter-output>
          </reporter-output>
        </test-method> <!-- setUpMethod -->
        <test-method status="PASS" signature="stanInitState()[pri:0, instance:org.kossowski.elemont.domain.KartaMagazynowaTest@6108b2d7]" name="stanInitState" duration-ms="1" started-at="2016-02-24T10:08:22Z" finished-at="2016-02-24T10:08:22Z">
          <reporter-output>
          </reporter-output>
        </test-method> <!-- stanInitState -->
        <test-method status="PASS" signature="stanSetState()[pri:0, instance:org.kossowski.elemont.domain.KartaMagazynowaTest@6108b2d7]" name="stanSetState" duration-ms="1" started-at="2016-02-24T10:08:22Z" finished-at="2016-02-24T10:08:22Z">
          <reporter-output>
          </reporter-output>
        </test-method> <!-- stanSetState -->
        <test-method status="PASS" signature="setUpMethod()[pri:0, instance:org.kossowski.elemont.domain.KartaMagazynowaTest@6108b2d7]" name="setUpMethod" is-config="true" duration-ms="0" started-at="2016-02-24T10:08:22Z" finished-at="2016-02-24T10:08:22Z">
          <reporter-output>
          </reporter-output>
        </test-method> <!-- setUpMethod -->
        <test-method status="PASS" signature="tearDownMethod()[pri:0, instance:org.kossowski.elemont.domain.KartaMagazynowaTest@6108b2d7]" name="tearDownMethod" is-config="true" duration-ms="0" started-at="2016-02-24T10:08:22Z" finished-at="2016-02-24T10:08:22Z">
          <reporter-output>
          </reporter-output>
        </test-method> <!-- tearDownMethod -->
        <test-method status="PASS" signature="tearDownClass()[pri:0, instance:org.kossowski.elemont.domain.KartaMagazynowaTest@6108b2d7]" name="tearDownClass" is-config="true" duration-ms="1" started-at="2016-02-24T10:08:22Z" finished-at="2016-02-24T10:08:22Z">
          <reporter-output>
          </reporter-output>
        </test-method> <!-- tearDownClass -->
        <test-method status="PASS" signature="tearDownMethod()[pri:0, instance:org.kossowski.elemont.domain.KartaMagazynowaTest@6108b2d7]" name="tearDownMethod" is-config="true" duration-ms="0" started-at="2016-02-24T10:08:22Z" finished-at="2016-02-24T10:08:22Z">
          <reporter-output>
          </reporter-output>
        </test-method> <!-- tearDownMethod -->
      </class> <!-- org.kossowski.elemont.domain.KartaMagazynowaTest -->
      <class name="org.kossowski.elemont.domain.OdcinekTest">
        <test-method status="PASS" signature="setUpClass()[pri:0, instance:org.kossowski.elemont.domain.OdcinekTest@6fadae5d]" name="setUpClass" is-config="true" duration-ms="0" started-at="2016-02-24T10:08:22Z" finished-at="2016-02-24T10:08:22Z">
          <reporter-output>
          </reporter-output>
        </test-method> <!-- setUpClass -->
        <test-method status="PASS" signature="setUpMethod()[pri:0, instance:org.kossowski.elemont.domain.OdcinekTest@6fadae5d]" name="setUpMethod" is-config="true" duration-ms="1" started-at="2016-02-24T10:08:22Z" finished-at="2016-02-24T10:08:22Z">
          <reporter-output>
          </reporter-output>
        </test-method> <!-- setUpMethod -->
        <test-method status="PASS" signature="isSet()[pri:0, instance:org.kossowski.elemont.domain.OdcinekTest@6fadae5d]" name="isSet" duration-ms="2" started-at="2016-02-24T10:08:22Z" finished-at="2016-02-24T10:08:22Z">
          <reporter-output>
          </reporter-output>
        </test-method> <!-- isSet -->
        <test-method status="PASS" signature="setUpMethod()[pri:0, instance:org.kossowski.elemont.domain.OdcinekTest@6fadae5d]" name="setUpMethod" is-config="true" duration-ms="1" started-at="2016-02-24T10:08:22Z" finished-at="2016-02-24T10:08:22Z">
          <reporter-output>
          </reporter-output>
        </test-method> <!-- setUpMethod -->
        <test-method status="PASS" signature="tearDownMethod()[pri:0, instance:org.kossowski.elemont.domain.OdcinekTest@6fadae5d]" name="tearDownMethod" is-config="true" duration-ms="0" started-at="2016-02-24T10:08:22Z" finished-at="2016-02-24T10:08:22Z">
          <reporter-output>
          </reporter-output>
        </test-method> <!-- tearDownMethod -->
        <test-method status="PASS" signature="odcinekEqualsTest()[pri:0, instance:org.kossowski.elemont.domain.OdcinekTest@6fadae5d]" name="odcinekEqualsTest" duration-ms="0" started-at="2016-02-24T10:08:22Z" finished-at="2016-02-24T10:08:22Z">
          <reporter-output>
          </reporter-output>
        </test-method> <!-- odcinekEqualsTest -->
        <test-method status="PASS" signature="tearDownMethod()[pri:0, instance:org.kossowski.elemont.domain.OdcinekTest@6fadae5d]" name="tearDownMethod" is-config="true" duration-ms="0" started-at="2016-02-24T10:08:22Z" finished-at="2016-02-24T10:08:22Z">
          <reporter-output>
          </reporter-output>
        </test-method> <!-- tearDownMethod -->
        <test-method status="PASS" signature="setUpMethod()[pri:0, instance:org.kossowski.elemont.domain.OdcinekTest@6fadae5d]" name="setUpMethod" is-config="true" duration-ms="0" started-at="2016-02-24T10:08:22Z" finished-at="2016-02-24T10:08:22Z">
          <reporter-output>
          </reporter-output>
        </test-method> <!-- setUpMethod -->
        <test-method status="PASS" signature="odcinekSetTest()[pri:0, instance:org.kossowski.elemont.domain.OdcinekTest@6fadae5d]" name="odcinekSetTest" duration-ms="0" started-at="2016-02-24T10:08:22Z" finished-at="2016-02-24T10:08:22Z">
          <reporter-output>
          </reporter-output>
        </test-method> <!-- odcinekSetTest -->
        <test-method status="PASS" signature="tearDownMethod()[pri:0, instance:org.kossowski.elemont.domain.OdcinekTest@6fadae5d]" name="tearDownMethod" is-config="true" duration-ms="1" started-at="2016-02-24T10:08:22Z" finished-at="2016-02-24T10:08:22Z">
          <reporter-output>
          </reporter-output>
        </test-method> <!-- tearDownMethod -->
        <test-method status="PASS" signature="odcinekUsedTest()[pri:0, instance:org.kossowski.elemont.domain.OdcinekTest@6fadae5d]" name="odcinekUsedTest" duration-ms="1" started-at="2016-02-24T10:08:22Z" finished-at="2016-02-24T10:08:22Z">
          <reporter-output>
          </reporter-output>
        </test-method> <!-- odcinekUsedTest -->
        <test-method status="PASS" signature="setUpMethod()[pri:0, instance:org.kossowski.elemont.domain.OdcinekTest@6fadae5d]" name="setUpMethod" is-config="true" duration-ms="0" started-at="2016-02-24T10:08:22Z" finished-at="2016-02-24T10:08:22Z">
          <reporter-output>
          </reporter-output>
        </test-method> <!-- setUpMethod -->
        <test-method status="PASS" signature="tearDownMethod()[pri:0, instance:org.kossowski.elemont.domain.OdcinekTest@6fadae5d]" name="tearDownMethod" is-config="true" duration-ms="0" started-at="2016-02-24T10:08:22Z" finished-at="2016-02-24T10:08:22Z">
          <reporter-output>
          </reporter-output>
        </test-method> <!-- tearDownMethod -->
        <test-method status="PASS" signature="setUpMethod()[pri:0, instance:org.kossowski.elemont.domain.OdcinekTest@6fadae5d]" name="setUpMethod" is-config="true" duration-ms="0" started-at="2016-02-24T10:08:22Z" finished-at="2016-02-24T10:08:22Z">
          <reporter-output>
          </reporter-output>
        </test-method> <!-- setUpMethod -->
        <test-method status="PASS" signature="odcinekWithIdTest()[pri:0, instance:org.kossowski.elemont.domain.OdcinekTest@6fadae5d]" name="odcinekWithIdTest" duration-ms="1" started-at="2016-02-24T10:08:22Z" finished-at="2016-02-24T10:08:22Z">
          <reporter-output>
          </reporter-output>
        </test-method> <!-- odcinekWithIdTest -->
        <test-method status="PASS" signature="tearDownMethod()[pri:0, instance:org.kossowski.elemont.domain.OdcinekTest@6fadae5d]" name="tearDownMethod" is-config="true" duration-ms="0" started-at="2016-02-24T10:08:22Z" finished-at="2016-02-24T10:08:22Z">
          <reporter-output>
          </reporter-output>
        </test-method> <!-- tearDownMethod -->
        <test-method status="PASS" signature="tearDownClass()[pri:0, instance:org.kossowski.elemont.domain.OdcinekTest@6fadae5d]" name="tearDownClass" is-config="true" duration-ms="0" started-at="2016-02-24T10:08:22Z" finished-at="2016-02-24T10:08:22Z">
          <reporter-output>
          </reporter-output>
        </test-method> <!-- tearDownClass -->
      </class> <!-- org.kossowski.elemont.domain.OdcinekTest -->
      <class name="org.kossowski.elemont.domain.StanTest">
        <test-method status="PASS" signature="setUpClass()[pri:0, instance:org.kossowski.elemont.domain.StanTest@6aaa5eb0]" name="setUpClass" is-config="true" duration-ms="0" started-at="2016-02-24T10:08:22Z" finished-at="2016-02-24T10:08:22Z">
          <reporter-output>
          </reporter-output>
        </test-method> <!-- setUpClass -->
        <test-method status="PASS" signature="tearDownMethod()[pri:0, instance:org.kossowski.elemont.domain.StanTest@6aaa5eb0]" name="tearDownMethod" is-config="true" duration-ms="1" started-at="2016-02-24T10:08:22Z" finished-at="2016-02-24T10:08:22Z">
          <reporter-output>
          </reporter-output>
        </test-method> <!-- tearDownMethod -->
        <test-method status="PASS" signature="setUpMethod()[pri:0, instance:org.kossowski.elemont.domain.StanTest@6aaa5eb0]" name="setUpMethod" is-config="true" duration-ms="0" started-at="2016-02-24T10:08:22Z" finished-at="2016-02-24T10:08:22Z">
          <reporter-output>
          </reporter-output>
        </test-method> <!-- setUpMethod -->
        <test-method status="PASS" signature="stanEquals1()[pri:0, instance:org.kossowski.elemont.domain.StanTest@6aaa5eb0]" name="stanEquals1" duration-ms="0" started-at="2016-02-24T10:08:22Z" finished-at="2016-02-24T10:08:22Z">
          <reporter-output>
          </reporter-output>
        </test-method> <!-- stanEquals1 -->
        <test-method status="PASS" signature="stanEquals2()[pri:0, instance:org.kossowski.elemont.domain.StanTest@6aaa5eb0]" name="stanEquals2" duration-ms="0" started-at="2016-02-24T10:08:22Z" finished-at="2016-02-24T10:08:22Z">
          <reporter-output>
          </reporter-output>
        </test-method> <!-- stanEquals2 -->
        <test-method status="PASS" signature="setUpMethod()[pri:0, instance:org.kossowski.elemont.domain.StanTest@6aaa5eb0]" name="setUpMethod" is-config="true" duration-ms="0" started-at="2016-02-24T10:08:22Z" finished-at="2016-02-24T10:08:22Z">
          <reporter-output>
          </reporter-output>
        </test-method> <!-- setUpMethod -->
        <test-method status="PASS" signature="tearDownMethod()[pri:0, instance:org.kossowski.elemont.domain.StanTest@6aaa5eb0]" name="tearDownMethod" is-config="true" duration-ms="0" started-at="2016-02-24T10:08:22Z" finished-at="2016-02-24T10:08:22Z">
          <reporter-output>
          </reporter-output>
        </test-method> <!-- tearDownMethod -->
        <test-method status="PASS" signature="setUpMethod()[pri:0, instance:org.kossowski.elemont.domain.StanTest@6aaa5eb0]" name="setUpMethod" is-config="true" duration-ms="0" started-at="2016-02-24T10:08:22Z" finished-at="2016-02-24T10:08:22Z">
          <reporter-output>
          </reporter-output>
        </test-method> <!-- setUpMethod -->
        <test-method status="PASS" signature="stanIntArrayContructorException()[pri:0, instance:org.kossowski.elemont.domain.StanTest@6aaa5eb0]" name="stanIntArrayContructorException" duration-ms="1" started-at="2016-02-24T10:08:22Z" finished-at="2016-02-24T10:08:22Z">
          <exception class="org.kossowski.elemont.domain.IllegalStockSizeException">
            <full-stacktrace>
              <![CDATA[org.kossowski.elemont.domain.IllegalStockSizeException
	at org.kossowski.elemont.domain.Stan.<init>(Stan.java:56)
	at org.kossowski.elemont.domain.StanTest.stanIntArrayContructorException(StanTest.java:69)
	at sun.reflect.NativeMethodAccessorImpl.invoke0(Native Method)
	at sun.reflect.NativeMethodAccessorImpl.invoke(NativeMethodAccessorImpl.java:62)
	at sun.reflect.DelegatingMethodAccessorImpl.invoke(DelegatingMethodAccessorImpl.java:43)
	at java.lang.reflect.Method.invoke(Method.java:497)
	at org.testng.internal.MethodInvocationHelper.invokeMethod(MethodInvocationHelper.java:84)
	at org.testng.internal.Invoker.invokeMethod(Invoker.java:714)
	at org.testng.internal.Invoker.invokeTestMethod(Invoker.java:901)
	at org.testng.internal.Invoker.invokeTestMethods(Invoker.java:1231)
	at org.testng.internal.TestMethodWorker.invokeTestMethods(TestMethodWorker.java:127)
	at org.testng.internal.TestMethodWorker.run(TestMethodWorker.java:111)
	at org.testng.TestRunner.privateRun(TestRunner.java:767)
	at org.testng.TestRunner.run(TestRunner.java:617)
	at org.testng.SuiteRunner.runTest(SuiteRunner.java:334)
	at org.testng.SuiteRunner.runSequentially(SuiteRunner.java:329)
	at org.testng.SuiteRunner.privateRun(SuiteRunner.java:291)
	at org.testng.SuiteRunner.run(SuiteRunner.java:240)
	at org.testng.SuiteRunnerWorker.runSuite(SuiteRunnerWorker.java:52)
	at org.testng.SuiteRunnerWorker.run(SuiteRunnerWorker.java:86)
	at org.testng.TestNG.runSuitesSequentially(TestNG.java:1224)
	at org.testng.TestNG.runSuitesLocally(TestNG.java:1149)
	at org.testng.TestNG.run(TestNG.java:1057)
	at org.apache.maven.surefire.testng.TestNGExecutor.run(TestNGExecutor.java:70)
	at org.apache.maven.surefire.testng.TestNGDirectoryTestSuite.executeMulti(TestNGDirectoryTestSuite.java:158)
	at org.apache.maven.surefire.testng.TestNGDirectoryTestSuite.execute(TestNGDirectoryTestSuite.java:98)
	at org.apache.maven.surefire.testng.TestNGProvider.invoke(TestNGProvider.java:111)
	at sun.reflect.NativeMethodAccessorImpl.invoke0(Native Method)
	at sun.reflect.NativeMethodAccessorImpl.invoke(NativeMethodAccessorImpl.java:62)
	at sun.reflect.DelegatingMethodAccessorImpl.invoke(DelegatingMethodAccessorImpl.java:43)
	at java.lang.reflect.Method.invoke(Method.java:497)
	at org.apache.maven.surefire.util.ReflectionUtils.invokeMethodWithArray(ReflectionUtils.java:164)
	at org.apache.maven.surefire.booter.ProviderFactory$ProviderProxy.invoke(ProviderFactory.java:110)
	at org.apache.maven.surefire.booter.SurefireStarter.invokeProvider(SurefireStarter.java:175)
	at org.apache.maven.surefire.booter.SurefireStarter.runSuitesInProcessWhenForked(SurefireStarter.java:107)
	at org.apache.maven.surefire.booter.ForkedBooter.main(ForkedBooter.java:68)
]]>
            </full-stacktrace>
          </exception> <!-- org.kossowski.elemont.domain.IllegalStockSizeException -->
          <reporter-output>
          </reporter-output>
        </test-method> <!-- stanIntArrayContructorException -->
        <test-method status="PASS" signature="setUpMethod()[pri:0, instance:org.kossowski.elemont.domain.StanTest@6aaa5eb0]" name="setUpMethod" is-config="true" duration-ms="1" started-at="2016-02-24T10:08:22Z" finished-at="2016-02-24T10:08:22Z">
          <reporter-output>
          </reporter-output>
        </test-method> <!-- setUpMethod -->
        <test-method status="PASS" signature="tearDownMethod()[pri:0, instance:org.kossowski.elemont.domain.StanTest@6aaa5eb0]" name="tearDownMethod" is-config="true" duration-ms="0" started-at="2016-02-24T10:08:22Z" finished-at="2016-02-24T10:08:22Z">
          <reporter-output>
          </reporter-output>
        </test-method> <!-- tearDownMethod -->
        <test-method status="PASS" signature="stanNotEqual()[pri:0, instance:org.kossowski.elemont.domain.StanTest@6aaa5eb0]" name="stanNotEqual" duration-ms="1" started-at="2016-02-24T10:08:22Z" finished-at="2016-02-24T10:08:22Z">
          <reporter-output>
          </reporter-output>
        </test-method> <!-- stanNotEqual -->
        <test-method status="PASS" signature="tearDownMethod()[pri:0, instance:org.kossowski.elemont.domain.StanTest@6aaa5eb0]" name="tearDownMethod" is-config="true" duration-ms="0" started-at="2016-02-24T10:08:22Z" finished-at="2016-02-24T10:08:22Z">
          <reporter-output>
          </reporter-output>
        </test-method> <!-- tearDownMethod -->
        <test-method status="PASS" signature="setUpMethod()[pri:0, instance:org.kossowski.elemont.domain.StanTest@6aaa5eb0]" name="setUpMethod" is-config="true" duration-ms="1" started-at="2016-02-24T10:08:22Z" finished-at="2016-02-24T10:08:22Z">
          <reporter-output>
          </reporter-output>
        </test-method> <!-- setUpMethod -->
        <test-method status="PASS" signature="test1()[pri:0, instance:org.kossowski.elemont.domain.StanTest@6aaa5eb0]" name="test1" duration-ms="0" started-at="2016-02-24T10:08:22Z" finished-at="2016-02-24T10:08:22Z">
          <reporter-output>
          </reporter-output>
        </test-method> <!-- test1 -->
        <test-method status="PASS" signature="tearDownMethod()[pri:0, instance:org.kossowski.elemont.domain.StanTest@6aaa5eb0]" name="tearDownMethod" is-config="true" duration-ms="1" started-at="2016-02-24T10:08:22Z" finished-at="2016-02-24T10:08:22Z">
          <reporter-output>
          </reporter-output>
        </test-method> <!-- tearDownMethod -->
        <test-method status="PASS" signature="tearDownClass()[pri:0, instance:org.kossowski.elemont.domain.StanTest@6aaa5eb0]" name="tearDownClass" is-config="true" duration-ms="0" started-at="2016-02-24T10:08:22Z" finished-at="2016-02-24T10:08:22Z">
          <reporter-output>
          </reporter-output>
        </test-method> <!-- tearDownClass -->
      </class> <!-- org.kossowski.elemont.domain.StanTest -->
    </test> <!-- Command line test -->
  </suite> <!-- Command line suite -->
</testng-results>
