<?xml version="1.0" encoding="UTF-8" ?>
<testsuite tests="4" failures="1" name="org.kossowski.elemont.domain.operacje.WydanieNabudoweTest" time="0.693" errors="0" skipped="0">
  <properties>
[...]
</properties>
  <testcase classname="org.kossowski.elemont.domain.operacje.WydanieNabudoweTest" name="powtorneWydanieNaBudoweTest" time="0.038"/>
  <testcase classname="org.kossowski.elemont.domain.operacje.WydanieNabudoweTest" name="wydanieNaBudoweTest" time="0"/>
  <testcase classname="org.kossowski.elemont.domain.operacje.WydanieNabudoweTest" name="wydanieNaBudoweTest1" time="0"/>
  <testcase classname="org.kossowski.elemont.domain.operacje.WydanieNabudoweTest" name="wydanieWithNull" time="0.007">
    <failure message="
Method WydanieNabudoweTest.wydanieWithNull()[pri:0, instance:org.kossowski.elemont.domain.operacje.WydanieNabudoweTest@7c75222b] should have thrown an exception of class java.lang.NullPointerException" type="org.testng.TestException">org.testng.TestException: 
Method WydanieNabudoweTest.wydanieWithNull()[pri:0, instance:org.kossowski.elemont.domain.operacje.WydanieNabudoweTest@7c75222b] should have thrown an exception of class java.lang.NullPointerException
	at org.testng.internal.Invoker.handleInvocationResults(Invoker.java:1512)
	at org.testng.internal.Invoker.invokeMethod(Invoker.java:754)
	at org.testng.internal.Invoker.invokeTestMethod(Invoker.java:901)
	at org.testng.internal.Invoker.invokeTestMethods(Invoker.java:1231)
	at org.testng.internal.TestMethodWorker.invokeTestMethods(TestMethodWorker.java:127)
	at org.testng.internal.TestMethodWorker.run(TestMethodWorker.java:111)
	at org.testng.TestRunner.privateRun(TestRunner.java:767)
	at org.testng.TestRunner.run(TestRunner.java:617)
	at org.testng.SuiteRunner.runTest(SuiteRunner.java:334)
	at org.testng.SuiteRunner.runSequentially(SuiteRunner.java:329)
	at org.testng.SuiteRunner.privateRun(SuiteRunner.java:291)
	at org.testng.SuiteRunner.run(SuiteRunner.java:240)
	at org.testng.SuiteRunnerWorker.runSuite(SuiteRunnerWorker.java:52)
	at org.testng.SuiteRunnerWorker.run(SuiteRunnerWorker.java:86)
	at org.testng.TestNG.runSuitesSequentially(TestNG.java:1224)
	at org.testng.TestNG.runSuitesLocally(TestNG.java:1149)
	at org.testng.TestNG.run(TestNG.java:1057)
	at org.apache.maven.surefire.testng.TestNGExecutor.run(TestNGExecutor.java:70)
	at org.apache.maven.surefire.testng.TestNGDirectoryTestSuite.execute(TestNGDirectoryTestSuite.java:109)
	at org.apache.maven.surefire.testng.TestNGProvider.invoke(TestNGProvider.java:111)
	at sun.reflect.NativeMethodAccessorImpl.invoke0(Native Method)
	at sun.reflect.NativeMethodAccessorImpl.invoke(NativeMethodAccessorImpl.java:62)
	at sun.reflect.DelegatingMethodAccessorImpl.invoke(DelegatingMethodAccessorImpl.java:43)
	at java.lang.reflect.Method.invoke(Method.java:497)
	at org.apache.maven.surefire.util.ReflectionUtils.invokeMethodWithArray(ReflectionUtils.java:164)
	at org.apache.maven.surefire.booter.ProviderFactory$ProviderProxy.invoke(ProviderFactory.java:110)
	at org.apache.maven.surefire.booter.SurefireStarter.invokeProvider(SurefireStarter.java:175)
	at org.apache.maven.surefire.booter.SurefireStarter.runSuitesInProcessWhenForked(SurefireStarter.java:107)
	at org.apache.maven.surefire.booter.ForkedBooter.main(ForkedBooter.java:68)
</failure>
  </testcase>
</testsuite>