<?xml version="1.0" encoding="UTF-8"?>
<!-- Generated by org.testng.reporters.JUnitXMLReporter -->
<testsuite hostname="Janusz-Kossowski-mac.local" name="Command line test" tests="5" failures="0" timestamp="1 Mar 2016 00:33:51 GMT" time="0.043" errors="0">
  <testcase name="isSet" time="0.008" classname="org.kossowski.elemont.domain.OdcinekTest"/>
  <testcase name="odcinekEqualsTest" time="0.0" classname="org.kossowski.elemont.domain.OdcinekTest"/>
  <testcase name="odcinekSetTest" time="0.001" classname="org.kossowski.elemont.domain.OdcinekTest"/>
  <testcase name="odcinekUsedTest" time="0.0" classname="org.kossowski.elemont.domain.OdcinekTest"/>
  <testcase name="odcinekWithIdTest" time="0.0" classname="org.kossowski.elemont.domain.OdcinekTest"/>
</testsuite> <!-- Command line test -->
