<?xml version="1.0" encoding="UTF-8"?>
<!-- Generated by org.testng.reporters.JUnitXMLReporter -->
<testsuite hostname="Janusz-Kossowski-mac.local" name="Command line test" tests="2" failures="0" timestamp="20 Feb 2016 02:46:27 GMT" time="0.072" errors="0">
  <testcase name="powtornePrzyjecieTest" time="0.033" classname="org.kossowski.elemont.domain.operacje.PrzyjecieZGlownegoTest"/>
  <testcase name="przyjecieZGlownegoTest" time="0.008" classname="org.kossowski.elemont.domain.operacje.PrzyjecieZGlownegoTest"/>
</testsuite> <!-- Command line test -->
