<?xml version="1.0" encoding="UTF-8"?>
<!-- Generated by org.testng.reporters.JUnitXMLReporter -->
<testsuite hostname="Janusz-Kossowski-mac.local" name="Command line test" tests="4" failures="0" timestamp="20 Feb 2016 03:02:44 GMT" time="0.078" errors="0">
  <testcase name="prefixTest" time="0.031" classname="org.kossowski.elemont.domain.operacje.SkanZawieszkiTest"/>
  <testcase name="skanTest1" time="0.017" classname="org.kossowski.elemont.domain.operacje.SkanZawieszkiTest"/>
  <testcase name="suffixTest" time="0.001" classname="org.kossowski.elemont.domain.operacje.SkanZawieszkiTest"/>
  <testcase name="testQRCode1" time="0.001" classname="org.kossowski.elemont.domain.operacje.SkanZawieszkiTest"/>
</testsuite> <!-- Command line test -->
