<?xml version="1.0" encoding="UTF-8"?>
<!-- Generated by org.testng.reporters.JUnitXMLReporter -->
<testsuite hostname="Janusz-Kossowski-mac.local" name="Command line test" tests="19" failures="0" timestamp="29 Feb 2016 20:37:35 GMT" time="0.161" errors="0">
  <testcase name="odcinkiTest" time="0.009" classname="org.kossowski.elemont.domain.KartaMagazynowaTest"/>
  <testcase name="operacjeSizeTest1" time="0.004" classname="org.kossowski.elemont.domain.KartaMagazynowaTest"/>
  <testcase name="operacjeSizeTest2" time="0.026" classname="org.kossowski.elemont.domain.KartaMagazynowaTest"/>
  <testcase name="operacjeSizeTest3" time="0.032" classname="org.kossowski.elemont.domain.KartaMagazynowaTest"/>
  <testcase name="stanInitState" time="0.001" classname="org.kossowski.elemont.domain.KartaMagazynowaTest"/>
  <testcase name="stanSetState" time="0.0" classname="org.kossowski.elemont.domain.KartaMagazynowaTest"/>
  <testcase name="equalsTest" time="0.004" classname="org.kossowski.elemont.domain.MaterialTest"/>
  <testcase name="equalsTest1" time="0.0" classname="org.kossowski.elemont.domain.MaterialTest"/>
  <testcase name="equalsTest3" time="0.001" classname="org.kossowski.elemont.domain.MaterialTest"/>
  <testcase name="isSet" time="0.003" classname="org.kossowski.elemont.domain.OdcinekTest"/>
  <testcase name="odcinekEqualsTest" time="0.001" classname="org.kossowski.elemont.domain.OdcinekTest"/>
  <testcase name="odcinekSetTest" time="0.0" classname="org.kossowski.elemont.domain.OdcinekTest"/>
  <testcase name="odcinekUsedTest" time="0.001" classname="org.kossowski.elemont.domain.OdcinekTest"/>
  <testcase name="odcinekWithIdTest" time="0.0" classname="org.kossowski.elemont.domain.OdcinekTest"/>
  <testcase name="stanEquals1" time="0.0" classname="org.kossowski.elemont.domain.StanTest"/>
  <testcase name="stanEquals2" time="0.0" classname="org.kossowski.elemont.domain.StanTest"/>
  <testcase name="stanIntArrayContructorException" time="0.0" classname="org.kossowski.elemont.domain.StanTest"/>
  <testcase name="stanNotEqual" time="0.002" classname="org.kossowski.elemont.domain.StanTest"/>
  <testcase name="test1" time="0.0" classname="org.kossowski.elemont.domain.StanTest"/>
</testsuite> <!-- Command line test -->
